<?xml version="1.0" encoding="UTF-8"?>
<testsuite name="Cucumber" time="15.152" tests="2" skipped="0" failures="0" errors="0">
<testcase classname="Feature to test the google search functionality" name="Validate google search is working" time="7.162">
<system-out><![CDATA[
Given Google browser is open................................................passed
And user is on google Search................................................passed
When user enters a text in search box.......................................passed
And hits enter..............................................................passed
Then user is navigated to search results....................................passed
]]></system-out>
</testcase>
<testcase classname="feature to test login functionality" name="Check login is successful with valid creditionals" time="7.819">
<system-out><![CDATA[
Given browser is open.......................................................passed
And user is on login page...................................................passed
When user enters username and password......................................passed
And clicks on login button..................................................passed
]]></system-out>
</testcase>
</testsuite>
