<?xml version="1.0" encoding="UTF-8"?>
<testsuite name="Cucumber" time="7.002" tests="1" skipped="0" failures="0" errors="0">
<testcase classname="Feature to test the google search functionality" name="Validate google search is working" time="6.842">
<system-out><![CDATA[
Given Google browser is open................................................passed
And user is on google Search................................................passed
When user enters a text in search box.......................................passed
And hits enter..............................................................passed
Then user is navigated to search results....................................passed
]]></system-out>
</testcase>
</testsuite>
